/home/chronosw/chronosw/inv.chronoswinvestment.com/db/config.js:12
        throw new Error('Error al inicializar la base de datos');
              ^

Error: Error al inicializar la base de datos
    at dbConnection (/home/chronosw/chronosw/inv.chronoswinvestment.com/db/config.js:12:15)
    at process.processTicksAndRejections (node:internal/process/task_queues:95:5)

Node.js v18.20.2
/home/chronosw/chronosw/inv.chronoswinvestment.com/db/config.js:12
        throw new Error('Error al inicializar la base de datos');
              ^

Error: Error al inicializar la base de datos
    at dbConnection (/home/chronosw/chronosw/inv.chronoswinvestment.com/db/config.js:12:15)
    at process.processTicksAndRejections (node:internal/process/task_queues:95:5)

Node.js v18.20.2
/home/chronosw/chronosw/inv.chronoswinvestment.com/db/config.js:12
        throw new Error('Error al inicializar la base de datos');
              ^

Error: Error al inicializar la base de datos
    at dbConnection (/home/chronosw/chronosw/inv.chronoswinvestment.com/db/config.js:12:15)
    at process.processTicksAndRejections (node:internal/process/task_queues:95:5)

Node.js v18.20.2
/home/chronosw/chronosw/inv.chronoswinvestment.com/db/config.js:12
        throw new Error('Error al inicializar la base de datos');
              ^

Error: Error al inicializar la base de datos
    at dbConnection (/home/chronosw/chronosw/inv.chronoswinvestment.com/db/config.js:12:15)
    at process.processTicksAndRejections (node:internal/process/task_queues:95:5)

Node.js v18.20.2
/home/chronosw/chronosw/inv.chronoswinvestment.com/db/config.js:12
        throw new Error('Error al inicializar la base de datos');
              ^

Error: Error al inicializar la base de datos
    at dbConnection (/home/chronosw/chronosw/inv.chronoswinvestment.com/db/config.js:12:15)
    at process.processTicksAndRejections (node:internal/process/task_queues:95:5)

Node.js v18.20.2
/home/chronosw/chronosw/inv.chronoswinvestment.com/db/config.js:12
        throw new Error('Error al inicializar la base de datos');
              ^

Error: Error al inicializar la base de datos
    at dbConnection (/home/chronosw/chronosw/inv.chronoswinvestment.com/db/config.js:12:15)
    at process.processTicksAndRejections (node:internal/process/task_queues:95:5)

Node.js v18.20.2
/home/chronosw/chronosw/inv.chronoswinvestment.com/db/config.js:12
        throw new Error('Error al inicializar la base de datos');
              ^

Error: Error al inicializar la base de datos
    at dbConnection (/home/chronosw/chronosw/inv.chronoswinvestment.com/db/config.js:12:15)
    at process.processTicksAndRejections (node:internal/process/task_queues:95:5)

Node.js v18.20.2
/home/chronosw/chronosw/inv.chronoswinvestment.com/db/config.js:12
        throw new Error('Error al inicializar la base de datos');
              ^

Error: Error al inicializar la base de datos
    at dbConnection (/home/chronosw/chronosw/inv.chronoswinvestment.com/db/config.js:12:15)
    at process.processTicksAndRejections (node:internal/process/task_queues:95:5)

Node.js v18.20.2
/home/chronosw/chronosw/inv.chronoswinvestment.com/db/config.js:12
        throw new Error('Error al inicializar la base de datos');
              ^

Error: Error al inicializar la base de datos
    at dbConnection (/home/chronosw/chronosw/inv.chronoswinvestment.com/db/config.js:12:15)
    at process.processTicksAndRejections (node:internal/process/task_queues:95:5)

Node.js v18.20.2
/home/chronosw/chronosw/inv.chronoswinvestment.com/db/config.js:12
        throw new Error('Error al inicializar la base de datos');
              ^

Error: Error al inicializar la base de datos
    at dbConnection (/home/chronosw/chronosw/inv.chronoswinvestment.com/db/config.js:12:15)
    at process.processTicksAndRejections (node:internal/process/task_queues:95:5)

Node.js v18.20.2
/home/chronosw/chronosw/inv.chronoswinvestment.com/db/config.js:12
        throw new Error('Error al inicializar la base de datos');
              ^

Error: Error al inicializar la base de datos
    at dbConnection (/home/chronosw/chronosw/inv.chronoswinvestment.com/db/config.js:12:15)
    at process.processTicksAndRejections (node:internal/process/task_queues:95:5)

Node.js v18.20.2
/home/chronosw/chronosw/inv.chronoswinvestment.com/db/config.js:12
        throw new Error('Error al inicializar la base de datos');
              ^

Error: Error al inicializar la base de datos
    at dbConnection (/home/chronosw/chronosw/inv.chronoswinvestment.com/db/config.js:12:15)
    at process.processTicksAndRejections (node:internal/process/task_queues:95:5)

Node.js v18.20.2
/home/chronosw/chronosw/inv.chronoswinvestment.com/db/config.js:12
        throw new Error('Error al inicializar la base de datos');
              ^

Error: Error al inicializar la base de datos
    at dbConnection (/home/chronosw/chronosw/inv.chronoswinvestment.com/db/config.js:12:15)
    at process.processTicksAndRejections (node:internal/process/task_queues:95:5)

Node.js v18.20.2
/home/chronosw/chronosw/inv.chronoswinvestment.com/db/config.js:12
        throw new Error('Error al inicializar la base de datos');
              ^

Error: Error al inicializar la base de datos
    at dbConnection (/home/chronosw/chronosw/inv.chronoswinvestment.com/db/config.js:12:15)
    at process.processTicksAndRejections (node:internal/process/task_queues:95:5)

Node.js v18.20.2
/home/chronosw/chronosw/inv.chronoswinvestment.com/db/config.js:12
        throw new Error('Error al inicializar la base de datos');
              ^

Error: Error al inicializar la base de datos
    at dbConnection (/home/chronosw/chronosw/inv.chronoswinvestment.com/db/config.js:12:15)
    at process.processTicksAndRejections (node:internal/process/task_queues:95:5)

Node.js v18.20.2
/home/chronosw/chronosw/inv.chronoswinvestment.com/db/config.js:12
        throw new Error('Error al inicializar la base de datos');
              ^

Error: Error al inicializar la base de datos
    at dbConnection (/home/chronosw/chronosw/inv.chronoswinvestment.com/db/config.js:12:15)
    at process.processTicksAndRejections (node:internal/process/task_queues:95:5)

Node.js v18.20.2
/home/chronosw/chronosw/inv.chronoswinvestment.com/db/config.js:12
        throw new Error('Error al inicializar la base de datos');
              ^

Error: Error al inicializar la base de datos
    at dbConnection (/home/chronosw/chronosw/inv.chronoswinvestment.com/db/config.js:12:15)
    at process.processTicksAndRejections (node:internal/process/task_queues:95:5)

Node.js v18.20.2
/home/chronosw/chronosw/inv.chronoswinvestment.com/db/config.js:12
        throw new Error('Error al inicializar la base de datos');
              ^

Error: Error al inicializar la base de datos
    at dbConnection (/home/chronosw/chronosw/inv.chronoswinvestment.com/db/config.js:12:15)
    at process.processTicksAndRejections (node:internal/process/task_queues:95:5)

Node.js v18.20.2
/home/chronosw/chronosw/inv.chronoswinvestment.com/db/config.js:12
        throw new Error('Error al inicializar la base de datos');
              ^

Error: Error al inicializar la base de datos
    at dbConnection (/home/chronosw/chronosw/inv.chronoswinvestment.com/db/config.js:12:15)
    at process.processTicksAndRejections (node:internal/process/task_queues:95:5)

Node.js v18.20.2
/home/chronosw/chronosw/inv.chronoswinvestment.com/db/config.js:12
        throw new Error('Error al inicializar la base de datos');
              ^

Error: Error al inicializar la base de datos
    at dbConnection (/home/chronosw/chronosw/inv.chronoswinvestment.com/db/config.js:12:15)
    at process.processTicksAndRejections (node:internal/process/task_queues:95:5)

Node.js v18.20.2
/home/chronosw/chronosw/inv.chronoswinvestment.com/db/config.js:12
        throw new Error('Error al inicializar la base de datos');
              ^

Error: Error al inicializar la base de datos
    at dbConnection (/home/chronosw/chronosw/inv.chronoswinvestment.com/db/config.js:12:15)
    at process.processTicksAndRejections (node:internal/process/task_queues:95:5)

Node.js v18.20.2
/home/chronosw/chronosw/inv.chronoswinvestment.com/db/config.js:12
        throw new Error('Error al inicializar la base de datos');
              ^

Error: Error al inicializar la base de datos
    at dbConnection (/home/chronosw/chronosw/inv.chronoswinvestment.com/db/config.js:12:15)
    at process.processTicksAndRejections (node:internal/process/task_queues:95:5)

Node.js v18.20.2
/home/chronosw/chronosw/inv.chronoswinvestment.com/db/config.js:12
        throw new Error('Error al inicializar la base de datos');
              ^

Error: Error al inicializar la base de datos
    at dbConnection (/home/chronosw/chronosw/inv.chronoswinvestment.com/db/config.js:12:15)
    at process.processTicksAndRejections (node:internal/process/task_queues:95:5)

Node.js v18.20.2
/home/chronosw/chronosw/inv.chronoswinvestment.com/db/config.js:12
        throw new Error('Error al inicializar la base de datos');
              ^

Error: Error al inicializar la base de datos
    at dbConnection (/home/chronosw/chronosw/inv.chronoswinvestment.com/db/config.js:12:15)
    at process.processTicksAndRejections (node:internal/process/task_queues:95:5)

Node.js v18.20.2
/home/chronosw/chronosw/inv.chronoswinvestment.com/db/config.js:12
        throw new Error('Error al inicializar la base de datos');
              ^

Error: Error al inicializar la base de datos
    at dbConnection (/home/chronosw/chronosw/inv.chronoswinvestment.com/db/config.js:12:15)
    at process.processTicksAndRejections (node:internal/process/task_queues:95:5)

Node.js v18.20.2
/home/chronosw/chronosw/inv.chronoswinvestment.com/db/config.js:12
        throw new Error('Error al inicializar la base de datos');
              ^

Error: Error al inicializar la base de datos
    at dbConnection (/home/chronosw/chronosw/inv.chronoswinvestment.com/db/config.js:12:15)
    at process.processTicksAndRejections (node:internal/process/task_queues:95:5)

Node.js v18.20.2
/home/chronosw/chronosw/inv.chronoswinvestment.com/db/config.js:12
        throw new Error('Error al inicializar la base de datos');
              ^

Error: Error al inicializar la base de datos
    at dbConnection (/home/chronosw/chronosw/inv.chronoswinvestment.com/db/config.js:12:15)
    at process.processTicksAndRejections (node:internal/process/task_queues:95:5)

Node.js v18.20.2
/home/chronosw/chronosw/inv.chronoswinvestment.com/db/config.js:12
        throw new Error('Error al inicializar la base de datos');
              ^

Error: Error al inicializar la base de datos
    at dbConnection (/home/chronosw/chronosw/inv.chronoswinvestment.com/db/config.js:12:15)
    at process.processTicksAndRejections (node:internal/process/task_queues:95:5)

Node.js v18.20.2
/home/chronosw/chronosw/inv.chronoswinvestment.com/db/config.js:12
        throw new Error('Error al inicializar la base de datos');
              ^

Error: Error al inicializar la base de datos
    at dbConnection (/home/chronosw/chronosw/inv.chronoswinvestment.com/db/config.js:12:15)
    at process.processTicksAndRejections (node:internal/process/task_queues:95:5)

Node.js v18.20.2
/home/chronosw/chronosw/inv.chronoswinvestment.com/db/config.js:12
        throw new Error('Error al inicializar la base de datos');
              ^

Error: Error al inicializar la base de datos
    at dbConnection (/home/chronosw/chronosw/inv.chronoswinvestment.com/db/config.js:12:15)
    at process.processTicksAndRejections (node:internal/process/task_queues:95:5)

Node.js v18.20.2
/home/chronosw/chronosw/inv.chronoswinvestment.com/db/config.js:12
        throw new Error('Error al inicializar la base de datos');
              ^

Error: Error al inicializar la base de datos
    at dbConnection (/home/chronosw/chronosw/inv.chronoswinvestment.com/db/config.js:12:15)
    at process.processTicksAndRejections (node:internal/process/task_queues:95:5)

Node.js v18.20.2
/home/chronosw/chronosw/inv.chronoswinvestment.com/db/config.js:12
        throw new Error('Error al inicializar la base de datos');
              ^

Error: Error al inicializar la base de datos
    at dbConnection (/home/chronosw/chronosw/inv.chronoswinvestment.com/db/config.js:12:15)
    at process.processTicksAndRejections (node:internal/process/task_queues:95:5)

Node.js v18.20.2
/home/chronosw/chronosw/inv.chronoswinvestment.com/db/config.js:12
        throw new Error('Error al inicializar la base de datos');
              ^

Error: Error al inicializar la base de datos
    at dbConnection (/home/chronosw/chronosw/inv.chronoswinvestment.com/db/config.js:12:15)
    at process.processTicksAndRejections (node:internal/process/task_queues:95:5)

Node.js v18.20.2
/home/chronosw/chronosw/inv.chronoswinvestment.com/db/config.js:12
        throw new Error('Error al inicializar la base de datos');
              ^

Error: Error al inicializar la base de datos
    at dbConnection (/home/chronosw/chronosw/inv.chronoswinvestment.com/db/config.js:12:15)
    at process.processTicksAndRejections (node:internal/process/task_queues:95:5)

Node.js v18.20.2
/home/chronosw/chronosw/inv.chronoswinvestment.com/db/config.js:12
        throw new Error('Error al inicializar la base de datos');
              ^

Error: Error al inicializar la base de datos
    at dbConnection (/home/chronosw/chronosw/inv.chronoswinvestment.com/db/config.js:12:15)
    at process.processTicksAndRejections (node:internal/process/task_queues:95:5)

Node.js v18.20.2
/home/chronosw/chronosw/inv.chronoswinvestment.com/db/config.js:12
        throw new Error('Error al inicializar la base de datos');
              ^

Error: Error al inicializar la base de datos
    at dbConnection (/home/chronosw/chronosw/inv.chronoswinvestment.com/db/config.js:12:15)
    at process.processTicksAndRejections (node:internal/process/task_queues:95:5)

Node.js v18.20.2
/home/chronosw/chronosw/inv.chronoswinvestment.com/db/config.js:12
        throw new Error('Error al inicializar la base de datos');
              ^

Error: Error al inicializar la base de datos
    at dbConnection (/home/chronosw/chronosw/inv.chronoswinvestment.com/db/config.js:12:15)
    at process.processTicksAndRejections (node:internal/process/task_queues:95:5)

Node.js v18.20.2
/home/chronosw/chronosw/inv.chronoswinvestment.com/db/config.js:12
        throw new Error('Error al inicializar la base de datos');
              ^

Error: Error al inicializar la base de datos
    at dbConnection (/home/chronosw/chronosw/inv.chronoswinvestment.com/db/config.js:12:15)
    at process.processTicksAndRejections (node:internal/process/task_queues:95:5)

Node.js v18.20.2
/home/chronosw/chronosw/inv.chronoswinvestment.com/db/config.js:12
        throw new Error('Error al inicializar la base de datos');
              ^

Error: Error al inicializar la base de datos
    at dbConnection (/home/chronosw/chronosw/inv.chronoswinvestment.com/db/config.js:12:15)
    at process.processTicksAndRejections (node:internal/process/task_queues:95:5)

Node.js v18.20.2
/home/chronosw/chronosw/inv.chronoswinvestment.com/db/config.js:12
        throw new Error('Error al inicializar la base de datos');
              ^

Error: Error al inicializar la base de datos
    at dbConnection (/home/chronosw/chronosw/inv.chronoswinvestment.com/db/config.js:12:15)
    at process.processTicksAndRejections (node:internal/process/task_queues:95:5)

Node.js v18.20.2
/home/chronosw/chronosw/inv.chronoswinvestment.com/db/config.js:12
        throw new Error('Error al inicializar la base de datos');
              ^

Error: Error al inicializar la base de datos
    at dbConnection (/home/chronosw/chronosw/inv.chronoswinvestment.com/db/config.js:12:15)
    at process.processTicksAndRejections (node:internal/process/task_queues:95:5)

Node.js v18.20.2
/home/chronosw/chronosw/inv.chronoswinvestment.com/db/config.js:12
        throw new Error('Error al inicializar la base de datos');
              ^

Error: Error al inicializar la base de datos
    at dbConnection (/home/chronosw/chronosw/inv.chronoswinvestment.com/db/config.js:12:15)
    at process.processTicksAndRejections (node:internal/process/task_queues:95:5)

Node.js v18.20.2
/home/chronosw/chronosw/inv.chronoswinvestment.com/db/config.js:12
        throw new Error('Error al inicializar la base de datos');
              ^

Error: Error al inicializar la base de datos
    at dbConnection (/home/chronosw/chronosw/inv.chronoswinvestment.com/db/config.js:12:15)
    at process.processTicksAndRejections (node:internal/process/task_queues:95:5)

Node.js v18.20.2
/home/chronosw/chronosw/inv.chronoswinvestment.com/db/config.js:12
        throw new Error('Error al inicializar la base de datos');
              ^

Error: Error al inicializar la base de datos
    at dbConnection (/home/chronosw/chronosw/inv.chronoswinvestment.com/db/config.js:12:15)
    at process.processTicksAndRejections (node:internal/process/task_queues:95:5)

Node.js v18.20.2
/home/chronosw/chronosw/inv.chronoswinvestment.com/db/config.js:12
        throw new Error('Error al inicializar la base de datos');
              ^

Error: Error al inicializar la base de datos
    at dbConnection (/home/chronosw/chronosw/inv.chronoswinvestment.com/db/config.js:12:15)
    at process.processTicksAndRejections (node:internal/process/task_queues:95:5)

Node.js v18.20.2
/home/chronosw/chronosw/inv.chronoswinvestment.com/db/config.js:12
        throw new Error('Error al inicializar la base de datos');
              ^

Error: Error al inicializar la base de datos
    at dbConnection (/home/chronosw/chronosw/inv.chronoswinvestment.com/db/config.js:12:15)
    at process.processTicksAndRejections (node:internal/process/task_queues:95:5)

Node.js v18.20.2
/home/chronosw/chronosw/inv.chronoswinvestment.com/db/config.js:12
        throw new Error('Error al inicializar la base de datos');
              ^

Error: Error al inicializar la base de datos
    at dbConnection (/home/chronosw/chronosw/inv.chronoswinvestment.com/db/config.js:12:15)
    at process.processTicksAndRejections (node:internal/process/task_queues:95:5)

Node.js v18.20.2
/home/chronosw/chronosw/inv.chronoswinvestment.com/db/config.js:12
        throw new Error('Error al inicializar la base de datos');
              ^

Error: Error al inicializar la base de datos
    at dbConnection (/home/chronosw/chronosw/inv.chronoswinvestment.com/db/config.js:12:15)
    at process.processTicksAndRejections (node:internal/process/task_queues:95:5)

Node.js v18.20.2
/home/chronosw/chronosw/inv.chronoswinvestment.com/db/config.js:12
        throw new Error('Error al inicializar la base de datos');
              ^

Error: Error al inicializar la base de datos
    at dbConnection (/home/chronosw/chronosw/inv.chronoswinvestment.com/db/config.js:12:15)
    at process.processTicksAndRejections (node:internal/process/task_queues:95:5)

Node.js v18.20.2
/home/chronosw/chronosw/inv.chronoswinvestment.com/db/config.js:12
        throw new Error('Error al inicializar la base de datos');
              ^

Error: Error al inicializar la base de datos
    at dbConnection (/home/chronosw/chronosw/inv.chronoswinvestment.com/db/config.js:12:15)
    at process.processTicksAndRejections (node:internal/process/task_queues:95:5)

Node.js v18.20.2
/home/chronosw/chronosw/inv.chronoswinvestment.com/db/config.js:12
        throw new Error('Error al inicializar la base de datos');
              ^

Error: Error al inicializar la base de datos
    at dbConnection (/home/chronosw/chronosw/inv.chronoswinvestment.com/db/config.js:12:15)
    at process.processTicksAndRejections (node:internal/process/task_queues:95:5)

Node.js v18.20.2
/home/chronosw/chronosw/inv.chronoswinvestment.com/db/config.js:12
        throw new Error('Error al inicializar la base de datos');
              ^

Error: Error al inicializar la base de datos
    at dbConnection (/home/chronosw/chronosw/inv.chronoswinvestment.com/db/config.js:12:15)
    at process.processTicksAndRejections (node:internal/process/task_queues:95:5)

Node.js v18.20.2
/home/chronosw/chronosw/inv.chronoswinvestment.com/db/config.js:12
        throw new Error('Error al inicializar la base de datos');
              ^

Error: Error al inicializar la base de datos
    at dbConnection (/home/chronosw/chronosw/inv.chronoswinvestment.com/db/config.js:12:15)
    at process.processTicksAndRejections (node:internal/process/task_queues:95:5)

Node.js v18.20.2
/home/chronosw/chronosw/inv.chronoswinvestment.com/db/config.js:12
        throw new Error('Error al inicializar la base de datos');
              ^

Error: Error al inicializar la base de datos
    at dbConnection (/home/chronosw/chronosw/inv.chronoswinvestment.com/db/config.js:12:15)
    at process.processTicksAndRejections (node:internal/process/task_queues:95:5)

Node.js v18.20.2
/home/chronosw/chronosw/inv.chronoswinvestment.com/db/config.js:12
        throw new Error('Error al inicializar la base de datos');
              ^

Error: Error al inicializar la base de datos
    at dbConnection (/home/chronosw/chronosw/inv.chronoswinvestment.com/db/config.js:12:15)
    at process.processTicksAndRejections (node:internal/process/task_queues:95:5)

Node.js v18.20.2
/home/chronosw/chronosw/inv.chronoswinvestment.com/db/config.js:12
        throw new Error('Error al inicializar la base de datos');
              ^

Error: Error al inicializar la base de datos
    at dbConnection (/home/chronosw/chronosw/inv.chronoswinvestment.com/db/config.js:12:15)
    at process.processTicksAndRejections (node:internal/process/task_queues:95:5)

Node.js v18.20.2
/home/chronosw/chronosw/inv.chronoswinvestment.com/db/config.js:12
        throw new Error('Error al inicializar la base de datos');
              ^

Error: Error al inicializar la base de datos
    at dbConnection (/home/chronosw/chronosw/inv.chronoswinvestment.com/db/config.js:12:15)
    at process.processTicksAndRejections (node:internal/process/task_queues:95:5)

Node.js v18.20.2
/home/chronosw/chronosw/inv.chronoswinvestment.com/db/config.js:12
        throw new Error('Error al inicializar la base de datos');
              ^

Error: Error al inicializar la base de datos
    at dbConnection (/home/chronosw/chronosw/inv.chronoswinvestment.com/db/config.js:12:15)
    at process.processTicksAndRejections (node:internal/process/task_queues:95:5)

Node.js v18.20.2
/home/chronosw/chronosw/inv.chronoswinvestment.com/db/config.js:12
        throw new Error('Error al inicializar la base de datos');
              ^

Error: Error al inicializar la base de datos
    at dbConnection (/home/chronosw/chronosw/inv.chronoswinvestment.com/db/config.js:12:15)
    at process.processTicksAndRejections (node:internal/process/task_queues:95:5)

Node.js v18.20.2
/home/chronosw/chronosw/inv.chronoswinvestment.com/db/config.js:12
        throw new Error('Error al inicializar la base de datos');
              ^

Error: Error al inicializar la base de datos
    at dbConnection (/home/chronosw/chronosw/inv.chronoswinvestment.com/db/config.js:12:15)
    at process.processTicksAndRejections (node:internal/process/task_queues:95:5)

Node.js v18.20.2
/home/chronosw/chronosw/inv.chronoswinvestment.com/db/config.js:12
        throw new Error('Error al inicializar la base de datos');
              ^

Error: Error al inicializar la base de datos
    at dbConnection (/home/chronosw/chronosw/inv.chronoswinvestment.com/db/config.js:12:15)
    at process.processTicksAndRejections (node:internal/process/task_queues:95:5)

Node.js v18.20.2
/home/chronosw/chronosw/inv.chronoswinvestment.com/db/config.js:12
        throw new Error('Error al inicializar la base de datos');
              ^

Error: Error al inicializar la base de datos
    at dbConnection (/home/chronosw/chronosw/inv.chronoswinvestment.com/db/config.js:12:15)
    at process.processTicksAndRejections (node:internal/process/task_queues:95:5)

Node.js v18.20.2
/home/chronosw/chronosw/inv.chronoswinvestment.com/db/config.js:12
        throw new Error('Error al inicializar la base de datos');
              ^

Error: Error al inicializar la base de datos
    at dbConnection (/home/chronosw/chronosw/inv.chronoswinvestment.com/db/config.js:12:15)
    at process.processTicksAndRejections (node:internal/process/task_queues:95:5)

Node.js v18.20.2
/home/chronosw/chronosw/inv.chronoswinvestment.com/db/config.js:12
        throw new Error('Error al inicializar la base de datos');
              ^

Error: Error al inicializar la base de datos
    at dbConnection (/home/chronosw/chronosw/inv.chronoswinvestment.com/db/config.js:12:15)
    at process.processTicksAndRejections (node:internal/process/task_queues:95:5)

Node.js v18.20.2
/home/chronosw/chronosw/inv.chronoswinvestment.com/db/config.js:12
        throw new Error('Error al inicializar la base de datos');
              ^

Error: Error al inicializar la base de datos
    at dbConnection (/home/chronosw/chronosw/inv.chronoswinvestment.com/db/config.js:12:15)
    at process.processTicksAndRejections (node:internal/process/task_queues:95:5)

Node.js v18.20.2
/home/chronosw/chronosw/inv.chronoswinvestment.com/db/config.js:12
        throw new Error('Error al inicializar la base de datos');
              ^

Error: Error al inicializar la base de datos
    at dbConnection (/home/chronosw/chronosw/inv.chronoswinvestment.com/db/config.js:12:15)
    at process.processTicksAndRejections (node:internal/process/task_queues:95:5)

Node.js v18.20.2
/home/chronosw/chronosw/inv.chronoswinvestment.com/db/config.js:12
        throw new Error('Error al inicializar la base de datos');
              ^

Error: Error al inicializar la base de datos
    at dbConnection (/home/chronosw/chronosw/inv.chronoswinvestment.com/db/config.js:12:15)
    at process.processTicksAndRejections (node:internal/process/task_queues:95:5)

Node.js v18.20.2
/home/chronosw/chronosw/inv.chronoswinvestment.com/db/config.js:12
        throw new Error('Error al inicializar la base de datos');
              ^

Error: Error al inicializar la base de datos
    at dbConnection (/home/chronosw/chronosw/inv.chronoswinvestment.com/db/config.js:12:15)
    at process.processTicksAndRejections (node:internal/process/task_queues:95:5)

Node.js v18.20.2
/home/chronosw/chronosw/inv.chronoswinvestment.com/db/config.js:12
        throw new Error('Error al inicializar la base de datos');
              ^

Error: Error al inicializar la base de datos
    at dbConnection (/home/chronosw/chronosw/inv.chronoswinvestment.com/db/config.js:12:15)
    at process.processTicksAndRejections (node:internal/process/task_queues:95:5)

Node.js v18.20.2
/home/chronosw/chronosw/inv.chronoswinvestment.com/db/config.js:12
        throw new Error('Error al inicializar la base de datos');
              ^

Error: Error al inicializar la base de datos
    at dbConnection (/home/chronosw/chronosw/inv.chronoswinvestment.com/db/config.js:12:15)
    at process.processTicksAndRejections (node:internal/process/task_queues:95:5)

Node.js v18.20.2
/home/chronosw/chronosw/inv.chronoswinvestment.com/db/config.js:12
        throw new Error('Error al inicializar la base de datos');
              ^

Error: Error al inicializar la base de datos
    at dbConnection (/home/chronosw/chronosw/inv.chronoswinvestment.com/db/config.js:12:15)
    at process.processTicksAndRejections (node:internal/process/task_queues:95:5)

Node.js v18.20.2
/home/chronosw/chronosw/inv.chronoswinvestment.com/db/config.js:12
        throw new Error('Error al inicializar la base de datos');
              ^

Error: Error al inicializar la base de datos
    at dbConnection (/home/chronosw/chronosw/inv.chronoswinvestment.com/db/config.js:12:15)
    at process.processTicksAndRejections (node:internal/process/task_queues:95:5)

Node.js v18.20.2
/home/chronosw/chronosw/inv.chronoswinvestment.com/db/config.js:12
        throw new Error('Error al inicializar la base de datos');
              ^

Error: Error al inicializar la base de datos
    at dbConnection (/home/chronosw/chronosw/inv.chronoswinvestment.com/db/config.js:12:15)
    at process.processTicksAndRejections (node:internal/process/task_queues:95:5)

Node.js v18.20.2
/home/chronosw/chronosw/inv.chronoswinvestment.com/db/config.js:12
        throw new Error('Error al inicializar la base de datos');
              ^

Error: Error al inicializar la base de datos
    at dbConnection (/home/chronosw/chronosw/inv.chronoswinvestment.com/db/config.js:12:15)
    at process.processTicksAndRejections (node:internal/process/task_queues:95:5)

Node.js v18.20.2
/home/chronosw/chronosw/inv.chronoswinvestment.com/db/config.js:12
        throw new Error('Error al inicializar la base de datos');
              ^

Error: Error al inicializar la base de datos
    at dbConnection (/home/chronosw/chronosw/inv.chronoswinvestment.com/db/config.js:12:15)
    at process.processTicksAndRejections (node:internal/process/task_queues:95:5)

Node.js v18.20.2
/home/chronosw/chronosw/inv.chronoswinvestment.com/db/config.js:12
        throw new Error('Error al inicializar la base de datos');
              ^

Error: Error al inicializar la base de datos
    at dbConnection (/home/chronosw/chronosw/inv.chronoswinvestment.com/db/config.js:12:15)
    at process.processTicksAndRejections (node:internal/process/task_queues:95:5)

Node.js v18.20.2
/home/chronosw/chronosw/inv.chronoswinvestment.com/db/config.js:12
        throw new Error('Error al inicializar la base de datos');
              ^

Error: Error al inicializar la base de datos
    at dbConnection (/home/chronosw/chronosw/inv.chronoswinvestment.com/db/config.js:12:15)
    at process.processTicksAndRejections (node:internal/process/task_queues:95:5)

Node.js v18.20.2
/home/chronosw/chronosw/inv.chronoswinvestment.com/db/config.js:12
        throw new Error('Error al inicializar la base de datos');
              ^

Error: Error al inicializar la base de datos
    at dbConnection (/home/chronosw/chronosw/inv.chronoswinvestment.com/db/config.js:12:15)
    at process.processTicksAndRejections (node:internal/process/task_queues:95:5)

Node.js v18.20.2
/home/chronosw/chronosw/inv.chronoswinvestment.com/db/config.js:12
        throw new Error('Error al inicializar la base de datos');
              ^

Error: Error al inicializar la base de datos
    at dbConnection (/home/chronosw/chronosw/inv.chronoswinvestment.com/db/config.js:12:15)
    at process.processTicksAndRejections (node:internal/process/task_queues:95:5)

Node.js v18.20.2
/home/chronosw/chronosw/inv.chronoswinvestment.com/db/config.js:12
        throw new Error('Error al inicializar la base de datos');
              ^

Error: Error al inicializar la base de datos
    at dbConnection (/home/chronosw/chronosw/inv.chronoswinvestment.com/db/config.js:12:15)
    at process.processTicksAndRejections (node:internal/process/task_queues:95:5)

Node.js v18.20.2
/home/chronosw/chronosw/inv.chronoswinvestment.com/db/config.js:12
        throw new Error('Error al inicializar la base de datos');
              ^

Error: Error al inicializar la base de datos
    at dbConnection (/home/chronosw/chronosw/inv.chronoswinvestment.com/db/config.js:12:15)
    at process.processTicksAndRejections (node:internal/process/task_queues:95:5)

Node.js v18.20.2
/home/chronosw/chronosw/inv.chronoswinvestment.com/db/config.js:12
        throw new Error('Error al inicializar la base de datos');
              ^

Error: Error al inicializar la base de datos
    at dbConnection (/home/chronosw/chronosw/inv.chronoswinvestment.com/db/config.js:12:15)
    at process.processTicksAndRejections (node:internal/process/task_queues:95:5)

Node.js v18.20.2
/home/chronosw/chronosw/inv.chronoswinvestment.com/db/config.js:12
        throw new Error('Error al inicializar la base de datos');
              ^

Error: Error al inicializar la base de datos
    at dbConnection (/home/chronosw/chronosw/inv.chronoswinvestment.com/db/config.js:12:15)
    at process.processTicksAndRejections (node:internal/process/task_queues:95:5)

Node.js v18.20.2
/home/chronosw/chronosw/inv.chronoswinvestment.com/db/config.js:12
        throw new Error('Error al inicializar la base de datos');
              ^

Error: Error al inicializar la base de datos
    at dbConnection (/home/chronosw/chronosw/inv.chronoswinvestment.com/db/config.js:12:15)
    at process.processTicksAndRejections (node:internal/process/task_queues:95:5)

Node.js v18.20.2
/home/chronosw/chronosw/inv.chronoswinvestment.com/node_modules/mongoose/lib/model.js:5192
  const serverSelectionError = new ServerSelectionError();
                               ^

MongooseServerSelectionError: Could not connect to any servers in your MongoDB Atlas cluster. One common reason is that you're trying to access the database from an IP that isn't whitelisted. Make sure your current IP address is on your Atlas cluster's IP whitelist: https://docs.atlas.mongodb.com/security-whitelist/
    at Model.$wrapCallback (/home/chronosw/chronosw/inv.chronoswinvestment.com/node_modules/mongoose/lib/model.js:5192:32)
    at /home/chronosw/chronosw/inv.chronoswinvestment.com/node_modules/mongoose/lib/query.js:4901:21
    at /home/chronosw/chronosw/inv.chronoswinvestment.com/node_modules/mongoose/lib/helpers/promiseOrCallback.js:41:5
    at new Promise (<anonymous>)
    at promiseOrCallback (/home/chronosw/chronosw/inv.chronoswinvestment.com/node_modules/mongoose/lib/helpers/promiseOrCallback.js:40:10)
    at model.Query.exec (/home/chronosw/chronosw/inv.chronoswinvestment.com/node_modules/mongoose/lib/query.js:4900:10)
    at Query.then (/home/chronosw/chronosw/inv.chronoswinvestment.com/node_modules/mongoose/lib/query.js:4983:15) {
  reason: TopologyDescription {
    type: 'ReplicaSetNoPrimary',
    servers: Map(3) {
      'ac-pi36i9x-shard-00-02.e1t6pfa.mongodb.net:27017' => ServerDescription {
        address: 'ac-pi36i9x-shard-00-02.e1t6pfa.mongodb.net:27017',
        type: 'Unknown',
        hosts: [],
        passives: [],
        arbiters: [],
        tags: {},
        minWireVersion: 0,
        maxWireVersion: 0,
        roundTripTime: -1,
        lastUpdateTime: 855368360,
        lastWriteDate: 0,
        error: MongoNetworkError: connect ECONNREFUSED 18.210.174.69:27017
            at connectionFailureError (/home/chronosw/chronosw/inv.chronoswinvestment.com/node_modules/mongodb/lib/cmap/connect.js:387:20)
            at TLSSocket.<anonymous> (/home/chronosw/chronosw/inv.chronoswinvestment.com/node_modules/mongodb/lib/cmap/connect.js:310:22)
            at Object.onceWrapper (node:events:632:26)
            at TLSSocket.emit (node:events:517:28)
            at emitErrorNT (node:internal/streams/destroy:151:8)
            at emitErrorCloseNT (node:internal/streams/destroy:116:3)
            at process.processTicksAndRejections (node:internal/process/task_queues:82:21) {
          [Symbol(errorLabels)]: Set(0) {}
        },
        topologyVersion: null,
        setName: null,
        setVersion: null,
        electionId: null,
        logicalSessionTimeoutMinutes: null,
        primary: null,
        me: null,
        '$clusterTime': null
      },
      'ac-pi36i9x-shard-00-01.e1t6pfa.mongodb.net:27017' => ServerDescription {
        address: 'ac-pi36i9x-shard-00-01.e1t6pfa.mongodb.net:27017',
        type: 'Unknown',
        hosts: [],
        passives: [],
        arbiters: [],
        tags: {},
        minWireVersion: 0,
        maxWireVersion: 0,
        roundTripTime: -1,
        lastUpdateTime: 855368355,
        lastWriteDate: 0,
        error: MongoNetworkError: connect ECONNREFUSED 52.203.152.210:27017
            at connectionFailureError (/home/chronosw/chronosw/inv.chronoswinvestment.com/node_modules/mongodb/lib/cmap/connect.js:387:20)
            at TLSSocket.<anonymous> (/home/chronosw/chronosw/inv.chronoswinvestment.com/node_modules/mongodb/lib/cmap/connect.js:310:22)
            at Object.onceWrapper (node:events:632:26)
            at TLSSocket.emit (node:events:517:28)
            at emitErrorNT (node:internal/streams/destroy:151:8)
            at emitErrorCloseNT (node:internal/streams/destroy:116:3)
            at process.processTicksAndRejections (node:internal/process/task_queues:82:21) {
          [Symbol(errorLabels)]: Set(0) {}
        },
        topologyVersion: null,
        setName: null,
        setVersion: null,
        electionId: null,
        logicalSessionTimeoutMinutes: null,
        primary: null,
        me: null,
        '$clusterTime': null
      },
      'ac-pi36i9x-shard-00-00.e1t6pfa.mongodb.net:27017' => ServerDescription {
        address: 'ac-pi36i9x-shard-00-00.e1t6pfa.mongodb.net:27017',
        type: 'Unknown',
        hosts: [],
        passives: [],
        arbiters: [],
        tags: {},
        minWireVersion: 0,
        maxWireVersion: 0,
        roundTripTime: -1,
        lastUpdateTime: 855368361,
        lastWriteDate: 0,
        error: MongoNetworkError: connect ECONNREFUSED 18.211.179.32:27017
            at connectionFailureError (/home/chronosw/chronosw/inv.chronoswinvestment.com/node_modules/mongodb/lib/cmap/connect.js:387:20)
            at TLSSocket.<anonymous> (/home/chronosw/chronosw/inv.chronoswinvestment.com/node_modules/mongodb/lib/cmap/connect.js:310:22)
            at Object.onceWrapper (node:events:632:26)
            at TLSSocket.emit (node:events:517:28)
            at emitErrorNT (node:internal/streams/destroy:151:8)
            at emitErrorCloseNT (node:internal/streams/destroy:116:3)
            at process.processTicksAndRejections (node:internal/process/task_queues:82:21) {
          [Symbol(errorLabels)]: Set(0) {}
        },
        topologyVersion: null,
        setName: null,
        setVersion: null,
        electionId: null,
        logicalSessionTimeoutMinutes: null,
        primary: null,
        me: null,
        '$clusterTime': null
      }
    },
    stale: false,
    compatible: true,
    heartbeatFrequencyMS: 10000,
    localThresholdMS: 15,
    setName: 'atlas-51bn2d-shard-0',
    maxElectionId: ObjectId {
      [Symbol(id)]: Buffer(12) [Uint8Array] [
        127, 255, 255, 255, 0,
          0,   0,   0,   0, 0,
          1, 103
      ]
    },
    maxSetVersion: 39,
    commonWireVersion: 0,
    logicalSessionTimeoutMinutes: null
  },
  code: undefined
}

Node.js v18.20.3
/home/chronosw/chronosw/inv.chronoswinvestment.com/db/config.js:12
        throw new Error('Error al inicializar la base de datos');
              ^

Error: Error al inicializar la base de datos
    at dbConnection (/home/chronosw/chronosw/inv.chronoswinvestment.com/db/config.js:12:15)
    at process.processTicksAndRejections (node:internal/process/task_queues:95:5)

Node.js v18.20.3
/home/chronosw/chronosw/inv.chronoswinvestment.com/db/config.js:12
        throw new Error('Error al inicializar la base de datos');
              ^

Error: Error al inicializar la base de datos
    at dbConnection (/home/chronosw/chronosw/inv.chronoswinvestment.com/db/config.js:12:15)
    at processTicksAndRejections (node:internal/process/task_queues:95:5)
    at runNextTicks (node:internal/process/task_queues:64:3)
    at process.processTimers (node:internal/timers:509:9)

Node.js v18.20.3
/home/chronosw/chronosw/inv.chronoswinvestment.com/db/config.js:12
        throw new Error('Error al inicializar la base de datos');
              ^

Error: Error al inicializar la base de datos
    at dbConnection (/home/chronosw/chronosw/inv.chronoswinvestment.com/db/config.js:12:15)
    at process.processTicksAndRejections (node:internal/process/task_queues:95:5)

Node.js v18.20.3
/home/chronosw/chronosw/inv.chronoswinvestment.com/db/config.js:12
        throw new Error('Error al inicializar la base de datos');
              ^

Error: Error al inicializar la base de datos
    at dbConnection (/home/chronosw/chronosw/inv.chronoswinvestment.com/db/config.js:12:15)
    at process.processTicksAndRejections (node:internal/process/task_queues:95:5)

Node.js v18.20.3
/home/chronosw/chronosw/inv.chronoswinvestment.com/db/config.js:12
        throw new Error('Error al inicializar la base de datos');
              ^

Error: Error al inicializar la base de datos
    at dbConnection (/home/chronosw/chronosw/inv.chronoswinvestment.com/db/config.js:12:15)
    at process.processTicksAndRejections (node:internal/process/task_queues:95:5)

Node.js v18.20.3
/home/chronosw/chronosw/inv.chronoswinvestment.com/db/config.js:12
        throw new Error('Error al inicializar la base de datos');
              ^

Error: Error al inicializar la base de datos
    at dbConnection (/home/chronosw/chronosw/inv.chronoswinvestment.com/db/config.js:12:15)
    at process.processTicksAndRejections (node:internal/process/task_queues:95:5)

Node.js v18.20.3
/home/chronosw/chronosw/inv.chronoswinvestment.com/db/config.js:12
        throw new Error('Error al inicializar la base de datos');
              ^

Error: Error al inicializar la base de datos
    at dbConnection (/home/chronosw/chronosw/inv.chronoswinvestment.com/db/config.js:12:15)
    at process.processTicksAndRejections (node:internal/process/task_queues:95:5)

Node.js v18.20.3
